[1] "/proj/hurlbertlab/ijbgoulden/mbbs-analysis/STAN_outputs/2026.04.02_ch1_m2_NR_sensitivity_analysis_NOBO/"

Attaching package: ‘dplyr’

The following objects are masked from ‘package:stats’:

    filter, lag

The following objects are masked from ‘package:base’:

    intersect, setdiff, setequal, union

Loading required package: StanHeaders

rstan version 2.32.7 (Stan version 2.32.2)

For execution on a local, multicore CPU with excess RAM we recommend calling
options(mc.cores = parallel::detectCores()).
To avoid recompilation of unchanged Stan programs, we recommend calling
rstan_options(auto_write = TRUE)
For within-chain threading using `reduce_sum()` or `map_rect()` Stan functions,
change `threads_per_chain` option:
rstan_options(threads_per_chain = 1)


Attaching package: ‘rstan’

The following object is masked from ‘package:tidyr’:

    extract

[1] "about to start to compile model"
[1] TRUE
[1] "model compiled"
##------ Thu Apr  9 14:54:34 2026 ------##
[1] "start model fit"

SAMPLING FOR MODEL 'anon_model' NOW (CHAIN 4).

SAMPLING FOR MODEL 'anon_model' NOW (CHAIN 3).

SAMPLING FOR MODEL 'anon_model' NOW (CHAIN 1).

SAMPLING FOR MODEL 'anon_model' NOW (CHAIN 2).
Chain Chain 2: 
3: 
Chain Chain 32: : Gradient evaluation took 0.017102 secondsGradient evaluation took 0.024171 seconds

Chain Chain 23: : 1000 transitions using 10 leapfrog steps per transition would take 241.71 seconds.1000 transitions using 10 leapfrog steps per transition would take 171.02 seconds.

Chain Chain 23: : Adjust your expectations accordingly!Adjust your expectations accordingly!

Chain Chain 23: : 

Chain Chain 23: : 

Chain 1: 
Chain 1: Gradient evaluation took 0.024221 seconds
Chain 1: 1000 transitions using 10 leapfrog steps per transition would take 242.21 seconds.
Chain 1: Adjust your expectations accordingly!
Chain 1: 
Chain 1: 
Chain 4: 
Chain 4: Gradient evaluation took 0.039138 seconds
Chain 4: 1000 transitions using 10 leapfrog steps per transition would take 391.38 seconds.
Chain 4: Adjust your expectations accordingly!
Chain 4: 
Chain 4: 
Chain 4: Iteration:    1 / 10000 [  0%]  (Warmup)
Chain 2: Iteration:    1 / 10000 [  0%]  (Warmup)
Chain 3: Iteration:    1 / 10000 [  0%]  (Warmup)
Chain 1: Iteration:    1 / 10000 [  0%]  (Warmup)
Chain 3: Iteration: 1000 / 10000 [ 10%]  (Warmup)
Chain 4: Iteration: 1000 / 10000 [ 10%]  (Warmup)
Chain 2: Iteration: 1000 / 10000 [ 10%]  (Warmup)
Chain 3: Iteration: 2000 / 10000 [ 20%]  (Warmup)
Chain 3: Iteration: 2001 / 10000 [ 20%]  (Sampling)
Chain 4: Iteration: 2000 / 10000 [ 20%]  (Warmup)
Chain 4: Iteration: 2001 / 10000 [ 20%]  (Sampling)
Chain 2: Iteration: 2000 / 10000 [ 20%]  (Warmup)
Chain 2: Iteration: 2001 / 10000 [ 20%]  (Sampling)
Chain 1: Iteration: 1000 / 10000 [ 10%]  (Warmup)
Chain 4: Iteration: 3000 / 10000 [ 30%]  (Sampling)
Chain 2: Iteration: 3000 / 10000 [ 30%]  (Sampling)
Chain 1: Iteration: 2000 / 10000 [ 20%]  (Warmup)
Chain 1: Iteration: 2001 / 10000 [ 20%]  (Sampling)
Chain 4: Iteration: 4000 / 10000 [ 40%]  (Sampling)
Chain 2: Iteration: 4000 / 10000 [ 40%]  (Sampling)
Chain 3: Iteration: 3000 / 10000 [ 30%]  (Sampling)
Chain 1: Iteration: 3000 / 10000 [ 30%]  (Sampling)
Chain 4: Iteration: 5000 / 10000 [ 50%]  (Sampling)
Chain 2: Iteration: 5000 / 10000 [ 50%]  (Sampling)
Chain 4: Iteration: 6000 / 10000 [ 60%]  (Sampling)
Chain 2: Iteration: 6000 / 10000 [ 60%]  (Sampling)
Chain 1: Iteration: 4000 / 10000 [ 40%]  (Sampling)
Chain 4: Iteration: 7000 / 10000 [ 70%]  (Sampling)
Chain 2: Iteration: 7000 / 10000 [ 70%]  (Sampling)
Chain 3: Iteration: 4000 / 10000 [ 40%]  (Sampling)
Chain 1: Iteration: 5000 / 10000 [ 50%]  (Sampling)
Chain 2: Iteration: 8000 / 10000 [ 80%]  (Sampling)
Chain 4: Iteration: 8000 / 10000 [ 80%]  (Sampling)
Chain 2: Iteration: 9000 / 10000 [ 90%]  (Sampling)
Chain 4: Iteration: 9000 / 10000 [ 90%]  (Sampling)
Chain 1: Iteration: 6000 / 10000 [ 60%]  (Sampling)
Chain 3: Iteration: 5000 / 10000 [ 50%]  (Sampling)
Chain 2: Iteration: 10000 / 10000 [100%]  (Sampling)
Chain 2: 
Chain 2:  Elapsed Time: 3140.61 seconds (Warm-up)
Chain 2:                4847.14 seconds (Sampling)
Chain 2:                7987.75 seconds (Total)
Chain 2: 
Chain 4: Iteration: 10000 / 10000 [100%]  (Sampling)
Chain 4: 
Chain 4:  Elapsed Time: 3076.16 seconds (Warm-up)
Chain 4:                4920.74 seconds (Sampling)
Chain 4:                7996.9 seconds (Total)
Chain 4: 
Chain 1: Iteration: 7000 / 10000 [ 70%]  (Sampling)
Chain 3: Iteration: 6000 / 10000 [ 60%]  (Sampling)
Chain 1: Iteration: 8000 / 10000 [ 80%]  (Sampling)
Chain 1: Iteration: 9000 / 10000 [ 90%]  (Sampling)
Chain 3: Iteration: 7000 / 10000 [ 70%]  (Sampling)
Chain 1: Iteration: 10000 / 10000 [100%]  (Sampling)
Chain 1: 
Chain 1:  Elapsed Time: 3798.7 seconds (Warm-up)
Chain 1:                5953.6 seconds (Sampling)
Chain 1:                9752.3 seconds (Total)
Chain 1: 
Chain 3: Iteration: 8000 / 10000 [ 80%]  (Sampling)
Chain 3: Iteration: 9000 / 10000 [ 90%]  (Sampling)
Chain 3: Iteration: 10000 / 10000 [100%]  (Sampling)
Chain 3: 
Chain 3:  Elapsed Time: 2976.07 seconds (Warm-up)
Chain 3:                8264.72 seconds (Sampling)
Chain 3:                11240.8 seconds (Total)
Chain 3: 
[1] "model fit success"
[1] "saved fit summary"
##------ Thu Apr  9 19:16:45 2026 ------##
[1] "saved posterior samples"
[1] "saving traceplots"
[1] 1
[1] 9
[1] 17
[1] 25
[1] 33
[1] 41
[1] 49
[1] 57
[1] 65
[1] 73
[1] 81
[1] 89
[1] 97
[1] 105
[1] 113
[1] 121
[1] 129
[1] 137
[1] 145
[1] 153
[1] 161
[1] 169
[1] 177
[1] 185
[1] 193
...
[1] 4065
[1] 4073
Pairs plots saved to: /proj/hurlbertlab/ijbgoulden/mbbs-analysis/STAN_outputs/2026.04.02_ch1_m2_NR_sensitivity_analysis_NOBO/traceplots.pdf
rm: cannot remove '/work/appscr/r/ijbg/Rtmpaotdvz/.nfs00052ab0b8e1384700092824': Device or resource busy
